

Version:	3.50
CmdLine:	F:\demo1\out\artifacts\demo1_jar\demo1.exe --l4j-debug
JNI:		No
WOW64:		Yes
Working dir:	F:\demo1\out\artifacts\demo1_jar\.
Requires JDK:	No
Requires 64-Bit: No
Java min ver:	
Java max ver:	
Substitute:	JAVA_HOME = 
Substitute:	PATH = C:\Program Files\Common Files\Oracle\Java\javapath;C:\Program Files (x86)\Common Files\Oracle\Java\java8path;C:\Program Files (x86)\Common Files\Oracle\Java\javapath;C:\Windows\system32;C:\Windows;C:\Windows\System32\Wbem;C:\Windows\System32\WindowsPowerShell\v1.0\;C:\Windows\System32\OpenSSH\;C:\Program Files (x86)\Windows Kits\10\Windows Performance Toolkit\;C:\Users\ayega\AppData\Local\Programs\Python\Launcher\;C:\Users\ayega\AppData\Local\Microsoft\WindowsApps;;E:\PyCharm Community Edition 2024.3.3\bin;;C:\Program Files\Java\jre1.8.0_441\bin
JRE paths:	;C:\Program Files\Common Files\Oracle\Java\javapath;C:\Program Files (x86)\Common Files\Oracle\Java\java8path;C:\Program Files (x86)\Common Files\Oracle\Java\javapath;C:\Windows\system32;C:\Windows;C:\Windows\System32\Wbem;C:\Windows\System32\WindowsPowerShell\v1.0\;C:\Windows\System32\OpenSSH\;C:\Program Files (x86)\Windows Kits\10\Windows Performance Toolkit\;C:\Users\ayega\AppData\Local\Programs\Python\Launcher\;C:\Users\ayega\AppData\Local\Microsoft\WindowsApps;;E:\PyCharm Community Edition 2024.3.3\bin;;C:\Program Files\Java\jre1.8.0_441\bin
Check launcher:	C:\Program Files\Common Files\Oracle\Java\javapath\bin\javaw.exe (not found)
Check launcher:	C:\Program Files (x86)\Common Files\Oracle\Java\java8path\bin\javaw.exe (not found)
Check launcher:	C:\Program Files (x86)\Common Files\Oracle\Java\javapath\bin\javaw.exe (not found)
Check launcher:	C:\Windows\system32\bin\javaw.exe (not found)
Check launcher:	C:\Windows\bin\javaw.exe (not found)
Check launcher:	C:\Windows\System32\Wbem\bin\javaw.exe (not found)
Check launcher:	C:\Windows\System32\WindowsPowerShell\v1.0\bin\javaw.exe (not found)
Check launcher:	C:\Windows\System32\OpenSSH\bin\javaw.exe (not found)
Check launcher:	C:\Program Files (x86)\Windows Kits\10\Windows Performance Toolkit\bin\javaw.exe (not found)
Check launcher:	C:\Users\ayega\AppData\Local\Programs\Python\Launcher\bin\javaw.exe (not found)
Check launcher:	C:\Users\ayega\AppData\Local\Microsoft\WindowsApps\bin\javaw.exe (not found)
Check launcher:	E:\PyCharm Community Edition 2024.3.3\bin\javaw.exe (not found)
Check launcher:	C:\Program Files\Java\jre1.8.0_441\bin\javaw.exe (OK)
Version string: 1.008.000_441 / 64-Bit (OK)
Launcher:	C:\Program Files\Java\jre1.8.0_441\bin\javaw.exe
Launcher args:	-jar "F:\demo1\out\artifacts\demo1_jar\demo1.exe"
Args length:	49/32768 chars
Exit code:	0


Version:	3.50
CmdLine:	F:\demo1\out\artifacts\demo1_jar\demo1.exe --l4j-debug
JNI:		No
WOW64:		Yes
Working dir:	F:\demo1\out\artifacts\demo1_jar\.
Requires JDK:	No
Requires 64-Bit: No
Java min ver:	
Java max ver:	
Substitute:	JAVA_HOME = 
Substitute:	PATH = C:\Program Files\Common Files\Oracle\Java\javapath;C:\Program Files (x86)\Common Files\Oracle\Java\java8path;C:\Program Files (x86)\Common Files\Oracle\Java\javapath;C:\Windows\system32;C:\Windows;C:\Windows\System32\Wbem;C:\Windows\System32\WindowsPowerShell\v1.0\;C:\Windows\System32\OpenSSH\;C:\Program Files (x86)\Windows Kits\10\Windows Performance Toolkit\;C:\Users\ayega\AppData\Local\Programs\Python\Launcher\;C:\Users\ayega\AppData\Local\Microsoft\WindowsApps;;E:\PyCharm Community Edition 2024.3.3\bin;;C:\Program Files\Java\jre1.8.0_441\bin
JRE paths:	;C:\Program Files\Common Files\Oracle\Java\javapath;C:\Program Files (x86)\Common Files\Oracle\Java\java8path;C:\Program Files (x86)\Common Files\Oracle\Java\javapath;C:\Windows\system32;C:\Windows;C:\Windows\System32\Wbem;C:\Windows\System32\WindowsPowerShell\v1.0\;C:\Windows\System32\OpenSSH\;C:\Program Files (x86)\Windows Kits\10\Windows Performance Toolkit\;C:\Users\ayega\AppData\Local\Programs\Python\Launcher\;C:\Users\ayega\AppData\Local\Microsoft\WindowsApps;;E:\PyCharm Community Edition 2024.3.3\bin;;C:\Program Files\Java\jre1.8.0_441\bin
Check launcher:	C:\Program Files\Common Files\Oracle\Java\javapath\bin\javaw.exe (not found)
Check launcher:	C:\Program Files (x86)\Common Files\Oracle\Java\java8path\bin\javaw.exe (not found)
Check launcher:	C:\Program Files (x86)\Common Files\Oracle\Java\javapath\bin\javaw.exe (not found)
Check launcher:	C:\Windows\system32\bin\javaw.exe (not found)
Check launcher:	C:\Windows\bin\javaw.exe (not found)
Check launcher:	C:\Windows\System32\Wbem\bin\javaw.exe (not found)
Check launcher:	C:\Windows\System32\WindowsPowerShell\v1.0\bin\javaw.exe (not found)
Check launcher:	C:\Windows\System32\OpenSSH\bin\javaw.exe (not found)
Check launcher:	C:\Program Files (x86)\Windows Kits\10\Windows Performance Toolkit\bin\javaw.exe (not found)
Check launcher:	C:\Users\ayega\AppData\Local\Programs\Python\Launcher\bin\javaw.exe (not found)
Check launcher:	C:\Users\ayega\AppData\Local\Microsoft\WindowsApps\bin\javaw.exe (not found)
Check launcher:	E:\PyCharm Community Edition 2024.3.3\bin\javaw.exe (not found)
Check launcher:	C:\Program Files\Java\jre1.8.0_441\bin\javaw.exe (OK)
Version string: 1.008.000_441 / 64-Bit (OK)
Launcher:	C:\Program Files\Java\jre1.8.0_441\bin\javaw.exe
Launcher args:	-jar "F:\demo1\out\artifacts\demo1_jar\demo1.exe"
Args length:	49/32768 chars
Exit code:	0


Version:	3.50
CmdLine:	F:\demo1\out\artifacts\demo1_jar\demo1.exe --l4j-debug
JNI:		No
WOW64:		Yes
Working dir:	F:\demo1\out\artifacts\demo1_jar\.
Requires JDK:	No
Requires 64-Bit: No
Java min ver:	
Java max ver:	
Substitute:	JAVA_HOME = 
Substitute:	PATH = C:\Program Files\Common Files\Oracle\Java\javapath;C:\Program Files (x86)\Common Files\Oracle\Java\java8path;C:\Program Files (x86)\Common Files\Oracle\Java\javapath;C:\Windows\system32;C:\Windows;C:\Windows\System32\Wbem;C:\Windows\System32\WindowsPowerShell\v1.0\;C:\Windows\System32\OpenSSH\;C:\Program Files (x86)\Windows Kits\10\Windows Performance Toolkit\;C:\Users\ayega\AppData\Local\Programs\Python\Launcher\;C:\Users\ayega\AppData\Local\Microsoft\WindowsApps;;E:\PyCharm Community Edition 2024.3.3\bin;;C:\Program Files\Java\jre1.8.0_441\bin
JRE paths:	;C:\Program Files\Common Files\Oracle\Java\javapath;C:\Program Files (x86)\Common Files\Oracle\Java\java8path;C:\Program Files (x86)\Common Files\Oracle\Java\javapath;C:\Windows\system32;C:\Windows;C:\Windows\System32\Wbem;C:\Windows\System32\WindowsPowerShell\v1.0\;C:\Windows\System32\OpenSSH\;C:\Program Files (x86)\Windows Kits\10\Windows Performance Toolkit\;C:\Users\ayega\AppData\Local\Programs\Python\Launcher\;C:\Users\ayega\AppData\Local\Microsoft\WindowsApps;;E:\PyCharm Community Edition 2024.3.3\bin;;C:\Program Files\Java\jre1.8.0_441\bin
Check launcher:	C:\Program Files\Common Files\Oracle\Java\javapath\bin\javaw.exe (not found)
Check launcher:	C:\Program Files (x86)\Common Files\Oracle\Java\java8path\bin\javaw.exe (not found)
Check launcher:	C:\Program Files (x86)\Common Files\Oracle\Java\javapath\bin\javaw.exe (not found)
Check launcher:	C:\Windows\system32\bin\javaw.exe (not found)
Check launcher:	C:\Windows\bin\javaw.exe (not found)
Check launcher:	C:\Windows\System32\Wbem\bin\javaw.exe (not found)
Check launcher:	C:\Windows\System32\WindowsPowerShell\v1.0\bin\javaw.exe (not found)
Check launcher:	C:\Windows\System32\OpenSSH\bin\javaw.exe (not found)
Check launcher:	C:\Program Files (x86)\Windows Kits\10\Windows Performance Toolkit\bin\javaw.exe (not found)
Check launcher:	C:\Users\ayega\AppData\Local\Programs\Python\Launcher\bin\javaw.exe (not found)
Check launcher:	C:\Users\ayega\AppData\Local\Microsoft\WindowsApps\bin\javaw.exe (not found)
Check launcher:	E:\PyCharm Community Edition 2024.3.3\bin\javaw.exe (not found)
Check launcher:	C:\Program Files\Java\jre1.8.0_441\bin\javaw.exe (OK)
Version string: 1.008.000_441 / 64-Bit (OK)
Launcher:	C:\Program Files\Java\jre1.8.0_441\bin\javaw.exe
Launcher args:	-jar "F:\demo1\out\artifacts\demo1_jar\demo1.exe"
Args length:	49/32768 chars
Exit code:	0


Version:	3.50
CmdLine:	F:\demo1\out\artifacts\demo1_jar\demo1.exe --l4j-debug
JNI:		No
WOW64:		Yes
Working dir:	F:\demo1\out\artifacts\demo1_jar\.
Requires JDK:	No
Requires 64-Bit: No
Java min ver:	
Java max ver:	
JRE paths:	JRE
Check launcher:	F:\demo1\out\artifacts\demo1_jar\JRE\bin\javaw.exe (not found)
Error msg:	This application requires a Java Runtime Environment.
